Watching for file changes with StatReloader
Waiting for apps ready_event.
Apps ready_event triggered. Sending autoreload_started signal.
Watching dir /app/consultation/templates with glob **/*.
Watching dir /app/locale with glob **/*.mo.
Watching dir /usr/local/lib/python3.9/site-packages/corsheaders/locale with glob **/*.mo.
Watching dir /app/consultation/locale with glob **/*.mo.
(0.001) 
                SELECT VERSION(),
                       @@sql_mode,
                       @@default_storage_engine,
                       @@sql_auto_is_null,
                       @@lower_case_table_names,
                       CONVERT_TZ('2001-01-01 01:00:00', 'UTC', 'UTC') IS NOT NULL
            ; args=None; alias=default
(0.001) SET SESSION TRANSACTION ISOLATION LEVEL READ COMMITTED; args=None; alias=default
(0.003) 
            SELECT
                table_name,
                table_type,
                table_comment
            FROM information_schema.tables
            WHERE table_schema = DATABASE()
            ; args=None; alias=default
(0.003) SELECT `django_migrations`.`id`, `django_migrations`.`app`, `django_migrations`.`name`, `django_migrations`.`applied` FROM `django_migrations`; args=(); alias=default
File /usr/local/lib/python3.9/urllib/parse.py first seen with mtime 1733344538.0
File /usr/local/lib/python3.9/site-packages/django/contrib/auth/migrations/0012_alter_user_first_name_max_length.py first seen with mtime 1735204640.232692
File /usr/local/lib/python3.9/site-packages/django/core/handlers/base.py first seen with mtime 1735204640.980692
File /usr/local/lib/python3.9/site-packages/django/core/files/base.py first seen with mtime 1735204640.976692
File /app/consultation/forms.py first seen with mtime 1734000039.981133
File /usr/local/lib/python3.9/site-packages/django/db/migrations/__init__.py first seen with mtime 1735204641.032692
File /usr/local/lib/python3.9/email/__init__.py first seen with mtime 1733344537.0
File /usr/local/lib/python3.9/site-packages/django/template/engine.py first seen with mtime 1735204641.111692
File /usr/local/lib/python3.9/site-packages/django/core/servers/__init__.py first seen with mtime 1735204641.002692
File /usr/local/lib/python3.9/lib-dynload/_pickle.cpython-39-x86_64-linux-gnu.so first seen with mtime 1733344516.0
File /usr/local/lib/python3.9/site-packages/django/contrib/messages/storage/__init__.py first seen with mtime 1735204640.638692
File /usr/local/lib/python3.9/traceback.py first seen with mtime 1733344535.0
File /usr/local/lib/python3.9/_sitebuiltins.py first seen with mtime 1733344535.0
File /usr/local/lib/python3.9/wsgiref/handlers.py first seen with mtime 1733344538.0
File /usr/local/lib/python3.9/asyncio/staggered.py first seen with mtime 1733344537.0
File /usr/local/lib/python3.9/site-packages/django/db/backends/mysql/base.py first seen with mtime 1735204641.012692
File /usr/local/lib/python3.9/site-packages/django/db/backends/base/validation.py first seen with mtime 1735204641.010692
File /usr/local/lib/python3.9/site-packages/django/template/loader_tags.py first seen with mtime 1735204641.1136918
File /usr/local/lib/python3.9/quopri.py first seen with mtime 1733344535.0
File /usr/local/lib/python3.9/site-packages/django/utils/translation/reloader.py first seen with mtime 1735204641.143692
File /usr/local/lib/python3.9/io.py first seen with mtime 1733344535.0
File /usr/local/lib/python3.9/site-packages/django/db/backends/mysql/creation.py first seen with mtime 1735204641.013692
File /usr/local/lib/python3.9/site-packages/django/core/cache/utils.py first seen with mtime 1735204640.9686918
File /usr/local/lib/python3.9/site-packages/django/template/context.py first seen with mtime 1735204641.1096919
File /usr/local/lib/python3.9/site-packages/django/core/checks/security/__init__.py first seen with mtime 1735204640.9746919
File /usr/local/lib/python3.9/site-packages/django/utils/log.py first seen with mtime 1735204641.1366918
File /usr/local/lib/python3.9/gettext.py first seen with mtime 1733344535.0
File /usr/local/lib/python3.9/site-packages/django/core/paginator.py first seen with mtime 1735204640.9656918
File /usr/local/lib/python3.9/site-packages/django/contrib/auth/migrations/0004_alter_user_username_opts.py first seen with mtime 1735204640.229692
File /usr/local/lib/python3.9/lib-dynload/_bisect.cpython-39-x86_64-linux-gnu.so first seen with mtime 1733344513.0
File /usr/local/lib/python3.9/site-packages/django/middleware/common.py first seen with mtime 1735204641.1066918
File /app/consultation/views.py first seen with mtime 1735269587.4920053
File /usr/local/lib/python3.9/site-packages/django/utils/lorem_ipsum.py first seen with mtime 1735204641.137692
File /usr/local/lib/python3.9/site-packages/pymysql/constants/CLIENT.py first seen with mtime 1735204635.460692
File /usr/local/lib/python3.9/getpass.py first seen with mtime 1733344535.0
File /usr/local/lib/python3.9/site-packages/django/core/checks/caches.py first seen with mtime 1735204640.9716918
File /usr/local/lib/python3.9/_compression.py first seen with mtime 1733344535.0
File /usr/local/lib/python3.9/site-packages/sqlparse/filters/reindent.py first seen with mtime 1735204635.4056919
File /usr/local/lib/python3.9/site-packages/django/contrib/auth/decorators.py first seen with mtime 1735204640.098692
File /usr/local/lib/python3.9/site-packages/django/forms/fields.py first seen with mtime 1735204641.071692
File /usr/local/lib/python3.9/site-packages/django/db/models/sql/__init__.py first seen with mtime 1735204641.065692
File /usr/local/lib/python3.9/genericpath.py first seen with mtime 1733344535.0
File /usr/local/lib/python3.9/site-packages/django/shortcuts.py first seen with mtime 1735204639.503692
File /usr/local/lib/python3.9/fnmatch.py first seen with mtime 1733344535.0
File /usr/local/lib/python3.9/site-packages/django/db/models/indexes.py first seen with mtime 1735204641.049692
File /usr/local/lib/python3.9/heapq.py first seen with mtime 1733344535.0
File /usr/local/lib/python3.9/site-packages/django/db/transaction.py first seen with mtime 1735204641.003692
File /usr/local/lib/python3.9/site-packages/django/urls/exceptions.py first seen with mtime 1735204641.124692
File /usr/local/lib/python3.9/zoneinfo/_tzpath.py first seen with mtime 1733344539.0
File /usr/local/lib/python3.9/site-packages/django/contrib/auth/middleware.py first seen with mtime 1735204640.100692
File /usr/local/lib/python3.9/site-packages/django/templatetags/cache.py first seen with mtime 1735204641.117692
File /usr/local/lib/python3.9/site-packages/django/contrib/admin/widgets.py first seen with mtime 1735204639.696692
File /usr/local/lib/python3.9/types.py first seen with mtime 1733344535.0
File /usr/local/lib/python3.9/site-packages/django/db/backends/signals.py first seen with mtime 1735204641.0046918
File /usr/local/lib/python3.9/site-packages/django/contrib/admin/migrations/__init__.py first seen with mtime 1735204639.867692
File /usr/local/lib/python3.9/site-packages/django/db/backends/utils.py first seen with mtime 1735204641.0046918
File /usr/local/lib/python3.9/site-packages/django/contrib/contenttypes/__init__.py first seen with mtime 1735204640.233692
File /usr/local/lib/python3.9/email/headerregistry.py first seen with mtime 1733344537.0
File /usr/local/lib/python3.9/site-packages/django/template/autoreload.py first seen with mtime 1735204641.108692
File /usr/local/lib/python3.9/collections/__init__.py first seen with mtime 1733344537.0
File /usr/local/lib/python3.9/importlib/__init__.py first seen with mtime 1733344537.0
File /usr/local/lib/python3.9/lib-dynload/_datetime.cpython-39-x86_64-linux-gnu.so first seen with mtime 1733344514.0
File /usr/local/lib/python3.9/site-packages/django/forms/renderers.py first seen with mtime 1735204641.074692
File /usr/local/lib/python3.9/email/mime/message.py first seen with mtime 1733344537.0
File /usr/local/lib/python3.9/site-packages/django/core/signing.py first seen with mtime 1735204640.966692
File /usr/local/lib/python3.9/site-packages/django/contrib/auth/validators.py first seen with mtime 1735204640.102692
File /usr/local/lib/python3.9/site-packages/django/utils/timesince.py first seen with mtime 1735204641.140692
File /usr/local/lib/python3.9/site-packages/corsheaders/checks.py first seen with mtime 1735204643.370692
File /usr/local/lib/python3.9/site-packages/django/db/migrations/state.py first seen with mtime 1735204641.041692
File /usr/local/lib/python3.9/site-packages/django/contrib/auth/__init__.py first seen with mtime 1735204640.0936918
File /usr/local/lib/python3.9/site-packages/django/db/models/fields/mixins.py first seen with mtime 1735204641.058692
File /usr/local/lib/python3.9/site-packages/pymysql/constants/FIELD_TYPE.py first seen with mtime 1735204635.4616919
File /usr/local/lib/python3.9/_markupbase.py first seen with mtime 1733344535.0
File /usr/local/lib/python3.9/contextvars.py first seen with mtime 1733344535.0
File /usr/local/lib/python3.9/site-packages/django/core/cache/backends/locmem.py first seen with mtime 1735204640.969692
File /usr/local/lib/python3.9/site-packages/django/contrib/staticfiles/utils.py first seen with mtime 1735204640.960692
File /usr/local/lib/python3.9/site-packages/django/contrib/sessions/apps.py first seen with mtime 1735204640.792692
File /usr/local/lib/python3.9/site-packages/django/utils/ipv6.py first seen with mtime 1735204641.134692
File /usr/local/lib/python3.9/lib-dynload/grp.cpython-39-x86_64-linux-gnu.so first seen with mtime 1733344516.0
File /usr/local/lib/python3.9/site-packages/django/db/backends/mysql/introspection.py first seen with mtime 1735204641.015692
File /usr/local/lib/python3.9/site-packages/django/db/migrations/exceptions.py first seen with mtime 1735204641.033692
File /usr/local/lib/python3.9/site-packages/django/template/loader.py first seen with mtime 1735204641.1126919
File /app/xinfang_project/__init__.py first seen with mtime 1734338567.7792103
File /usr/local/lib/python3.9/site-packages/django/views/debug.py first seen with mtime 1735204641.147692
File /usr/local/lib/python3.9/site-packages/django/contrib/messages/api.py first seen with mtime 1735204640.6366918
File /usr/local/lib/python3.9/asyncio/unix_events.py first seen with mtime 1733344537.0
File /usr/local/lib/python3.9/site-packages/pymysql/cursors.py first seen with mtime 1735204635.459692
File /usr/local/lib/python3.9/lib-dynload/_queue.cpython-39-x86_64-linux-gnu.so first seen with mtime 1733344515.0
File /usr/local/lib/python3.9/concurrent/futures/_base.py first seen with mtime 1733344537.0
File /usr/local/lib/python3.9/email/utils.py first seen with mtime 1733344537.0
File /usr/local/lib/python3.9/site-packages/django/contrib/admin/options.py first seen with mtime 1735204639.693692
File /usr/local/lib/python3.9/_collections_abc.py first seen with mtime 1733344535.0
File /usr/local/lib/python3.9/site-packages/cryptography/hazmat/primitives/serialization/base.py first seen with mtime 1735204643.1336918
File /usr/local/lib/python3.9/difflib.py first seen with mtime 1733344535.0
File /usr/local/lib/python3.9/site-packages/django/contrib/sessions/exceptions.py first seen with mtime 1735204640.7936919
File /usr/local/lib/python3.9/site-packages/django/db/backends/mysql/features.py first seen with mtime 1735204641.013692
File /usr/local/lib/python3.9/pkgutil.py first seen with mtime 1733344535.0
File /usr/local/lib/python3.9/site-packages/sqlparse/engine/filter_stack.py first seen with mtime 1735204635.403692
File /usr/local/lib/python3.9/site-packages/django/db/models/fields/json.py first seen with mtime 1735204641.058692
File /usr/local/lib/python3.9/site-packages/django/db/migrations/recorder.py first seen with mtime 1735204641.0406919
File /usr/local/lib/python3.9/site-packages/django/urls/conf.py first seen with mtime 1735204641.123692
File /usr/local/lib/python3.9/site-packages/django/urls/converters.py first seen with mtime 1735204641.123692
File /usr/local/lib/python3.9/site-packages/django/templatetags/i18n.py first seen with mtime 1735204641.117692
File /usr/local/lib/python3.9/email/base64mime.py first seen with mtime 1733344537.0
File /usr/local/lib/python3.9/json/__init__.py first seen with mtime 1733344538.0
File /usr/local/lib/python3.9/collections/abc.py first seen with mtime 1733344537.0
File /usr/local/lib/python3.9/site-packages/django/contrib/contenttypes/apps.py first seen with mtime 1735204640.235692
File /usr/local/lib/python3.9/site-packages/django/utils/inspect.py first seen with mtime 1735204641.134692
File /usr/local/lib/python3.9/site-packages/cryptography/hazmat/primitives/ciphers/base.py first seen with mtime 1735204643.107692
File /usr/local/lib/python3.9/importlib/abc.py first seen with mtime 1733344537.0
File /usr/local/lib/python3.9/site-packages/django/forms/utils.py first seen with mtime 1735204641.074692
File /usr/local/lib/python3.9/site-packages/django/template/loaders/__init__.py first seen with mtime 1735204641.115692
File /usr/local/lib/python3.9/site-packages/django/core/checks/urls.py first seen with mtime 1735204640.9746919
File /usr/local/lib/python3.9/site-packages/django/core/management/__init__.py first seen with mtime 1735204640.9846919
File /usr/local/lib/python3.9/signal.py first seen with mtime 1733344535.0
File /usr/local/lib/python3.9/site-packages/django/db/models/functions/window.py first seen with mtime 1735204641.065692
File /usr/local/lib/python3.9/site-packages/django/db/migrations/operations/__init__.py first seen with mtime 1735204641.0436919
File /usr/local/lib/python3.9/re.py first seen with mtime 1733344535.0
File /usr/local/lib/python3.9/site-packages/django/contrib/staticfiles/checks.py first seen with mtime 1735204640.959692
File /usr/local/lib/python3.9/site-packages/django/contrib/messages/storage/base.py first seen with mtime 1735204640.6396918
File /usr/local/lib/python3.9/email/iterators.py first seen with mtime 1733344537.0
File /usr/local/lib/python3.9/email/_parseaddr.py first seen with mtime 1733344537.0
File /usr/local/lib/python3.9/site-packages/django/template/defaulttags.py first seen with mtime 1735204641.111692
File /usr/local/lib/python3.9/lib-dynload/_socket.cpython-39-x86_64-linux-gnu.so first seen with mtime 1733344520.0
File /usr/local/lib/python3.9/site-packages/django/core/files/move.py first seen with mtime 1735204640.977692
File /usr/local/lib/python3.9/site-packages/asgiref/local.py first seen with mtime 1735204639.409692
File /usr/local/lib/python3.9/site-packages/django/http/multipartparser.py first seen with mtime 1735204641.102692
File /usr/local/lib/python3.9/tempfile.py first seen with mtime 1733344535.0
File /usr/local/lib/python3.9/site-packages/django/db/models/fields/files.py first seen with mtime 1735204641.055692
File /usr/local/lib/python3.9/site-packages/django/views/decorators/debug.py first seen with mtime 1735204641.156692
File /usr/local/lib/python3.9/site-packages/django/db/models/functions/__init__.py first seen with mtime 1735204641.0636919
File /usr/local/lib/python3.9/site-packages/django/db/migrations/operations/fields.py first seen with mtime 1735204641.0446918
File /usr/local/lib/python3.9/site-packages/django/http/cookie.py first seen with mtime 1735204641.100692
File /usr/local/lib/python3.9/site-packages/pymysql/times.py first seen with mtime 1735204635.459692
File /usr/local/lib/python3.9/site-packages/django/core/checks/security/sessions.py first seen with mtime 1735204640.975692
File /usr/local/lib/python3.9/asyncio/base_tasks.py first seen with mtime 1733344537.0
File /usr/local/lib/python3.9/inspect.py first seen with mtime 1733344535.0
File /usr/local/lib/python3.9/site-packages/django/core/checks/security/base.py first seen with mtime 1735204640.9746919
File /usr/local/lib/python3.9/asyncio/queues.py first seen with mtime 1733344537.0
File /usr/local/lib/python3.9/site-packages/django/db/models/fields/related.py first seen with mtime 1735204641.061692
File /usr/local/lib/python3.9/site-packages/corsheaders/__init__.py first seen with mtime 1735204643.370692
File /usr/local/lib/python3.9/email/charset.py first seen with mtime 1733344537.0
File /usr/local/lib/python3.9/site-packages/django/core/handlers/asgi.py first seen with mtime 1735204640.980692
File /usr/local/lib/python3.9/site-packages/django/utils/deprecation.py first seen with mtime 1735204641.131692
File /usr/local/lib/python3.9/site-packages/django/contrib/auth/signals.py first seen with mtime 1735204640.101692
File /usr/local/lib/python3.9/site-packages/django/core/handlers/exception.py first seen with mtime 1735204640.980692
File /usr/local/lib/python3.9/site-packages/sqlparse/engine/grouping.py first seen with mtime 1735204635.403692
File /usr/local/lib/python3.9/site-packages/django/contrib/sessions/models.py first seen with mtime 1735204640.7946918
File /usr/local/lib/python3.9/site-packages/django/core/checks/translation.py first seen with mtime 1735204640.973692
File /usr/local/lib/python3.9/site-packages/django/template/response.py first seen with mtime 1735204641.1136918
File /usr/local/lib/python3.9/site-packages/django/db/backends/base/client.py first seen with mtime 1735204641.0076919
File /usr/local/lib/python3.9/site-packages/django/db/models/fields/related_lookups.py first seen with mtime 1735204641.0636919
File /app/xinfang_project/urls.py first seen with mtime 1734001273.9857259
File /usr/local/lib/python3.9/site-packages/django/core/checks/model_checks.py first seen with mtime 1735204640.972692
File /app/manage.py first seen with mtime 1733997803.9365845
File /usr/local/lib/python3.9/site-packages/django/db/models/sql/where.py first seen with mtime 1735204641.068692
File /usr/local/lib/python3.9/site-packages/django/db/backends/mysql/schema.py first seen with mtime 1735204641.015692
File /usr/local/lib/python3.9/site-packages/cryptography/hazmat/bindings/_rust.abi3.so first seen with mtime 1735204643.018692
File /app/consultation/__init__.py first seen with mtime 1733997832.337549
File /usr/local/lib/python3.9/site-packages/django/views/generic/detail.py first seen with mtime 1735204641.158692
File /usr/local/lib/python3.9/site-packages/django/template/library.py first seen with mtime 1735204641.1126919
File /usr/local/lib/python3.9/site-packages/django/template/backends/__init__.py first seen with mtime 1735204641.114692
File /usr/local/lib/python3.9/site-packages/django/utils/decorators.py first seen with mtime 1735204641.131692
File /usr/local/lib/python3.9/site-packages/django/core/files/temp.py first seen with mtime 1735204640.977692
File /usr/local/lib/python3.9/site-packages/asgiref/sync.py first seen with mtime 1735204639.410692
File /usr/local/lib/python3.9/site-packages/django/core/files/storage/handler.py first seen with mtime 1735204640.979692
File /usr/local/lib/python3.9/gzip.py first seen with mtime 1733344535.0
File /usr/local/lib/python3.9/site-packages/django/utils/numberformat.py first seen with mtime 1735204641.137692
File /usr/local/lib/python3.9/site-packages/sqlparse/formatter.py first seen with mtime 1735204635.401692
File /usr/local/lib/python3.9/site-packages/django/db/backends/base/operations.py first seen with mtime 1735204641.009692
File /usr/local/lib/python3.9/site-packages/sqlparse/cli.py first seen with mtime 1735204635.401692
File /usr/local/lib/python3.9/email/_header_value_parser.py first seen with mtime 1733344537.0
File /usr/local/lib/python3.9/asyncio/runners.py first seen with mtime 1733344537.0
File /usr/local/lib/python3.9/site-packages/django/db/models/lookups.py first seen with mtime 1735204641.0506918
File /usr/local/lib/python3.9/site-packages/sqlparse/keywords.py first seen with mtime 1735204635.402692
File /usr/local/lib/python3.9/site-packages/cryptography/hazmat/primitives/hashes.py first seen with mtime 1735204643.107692
File /usr/local/lib/python3.9/http/cookies.py first seen with mtime 1733344538.0
File /usr/local/lib/python3.9/sysconfig.py first seen with mtime 1733344535.0
File /usr/local/lib/python3.9/site-packages/django/core/checks/messages.py first seen with mtime 1735204640.9716918
File /usr/local/lib/python3.9/site-packages/cryptography/hazmat/primitives/_asymmetric.py first seen with mtime 1735204643.107692
File /usr/local/lib/python3.9/site-packages/django/db/models/fields/__init__.py first seen with mtime 1735204641.055692
File /usr/local/lib/python3.9/site-packages/django/apps/registry.py first seen with mtime 1735204639.5046918
File /usr/local/lib/python3.9/site-packages/django/contrib/admin/views/__init__.py first seen with mtime 1735204639.927692
File /usr/local/lib/python3.9/site-packages/django/utils/crypto.py first seen with mtime 1735204641.128692
File /usr/local/lib/python3.9/site-packages/django/db/backends/ddl_references.py first seen with mtime 1735204641.0046918
File /usr/local/lib/python3.9/site-packages/django/utils/__init__.py first seen with mtime 1735204641.125692
File /usr/local/lib/python3.9/site-packages/django/utils/_os.py first seen with mtime 1735204641.125692
File /usr/local/lib/python3.9/importlib/util.py first seen with mtime 1733344537.0
File /usr/local/lib/python3.9/site-packages/corsheaders/apps.py first seen with mtime 1735204643.370692
File /usr/local/lib/python3.9/site-packages/cryptography/utils.py first seen with mtime 1735204642.888692
File /usr/local/lib/python3.9/site-packages/django/db/models/functions/datetime.py first seen with mtime 1735204641.064692
File /usr/local/lib/python3.9/site-packages/django/contrib/staticfiles/__init__.py first seen with mtime 1735204640.9586918
File /usr/local/lib/python3.9/email/mime/multipart.py first seen with mtime 1733344537.0
File /usr/local/lib/python3.9/posixpath.py first seen with mtime 1733344535.0
File /usr/local/lib/python3.9/lib-dynload/zlib.cpython-39-x86_64-linux-gnu.so first seen with mtime 1733344523.0
File /usr/local/lib/python3.9/site-packages/django/db/models/sql/constants.py first seen with mtime 1735204641.0666919
File /usr/local/lib/python3.9/asyncio/tasks.py first seen with mtime 1733344537.0
File /usr/local/lib/python3.9/site-packages/cryptography/hazmat/primitives/ciphers/__init__.py first seen with mtime 1735204643.107692
File /usr/local/lib/python3.9/site-packages/django/utils/timezone.py first seen with mtime 1735204641.140692
File /usr/local/lib/python3.9/asyncio/coroutines.py first seen with mtime 1733344537.0
File /usr/local/lib/python3.9/site-packages/django/db/models/enums.py first seen with mtime 1735204641.048692
File /usr/local/lib/python3.9/site-packages/django/contrib/staticfiles/management/commands/__init__.py first seen with mtime 1735204640.9616919
File /usr/local/lib/python3.9/socket.py first seen with mtime 1733344535.0
File /usr/local/lib/python3.9/site-packages/django/contrib/auth/backends.py first seen with mtime 1735204640.094692
File /usr/local/lib/python3.9/site-packages/django/views/csrf.py first seen with mtime 1735204641.1466918
File /usr/local/lib/python3.9/lib-dynload/_struct.cpython-39-x86_64-linux-gnu.so first seen with mtime 1733344512.0
File /usr/local/lib/python3.9/site-packages/django/template/loaders/base.py first seen with mtime 1735204641.1166918
File /usr/local/lib/python3.9/site-packages/django/db/models/functions/mixins.py first seen with mtime 1735204641.064692
File /usr/local/lib/python3.9/site-packages/django/utils/dateformat.py first seen with mtime 1735204641.1296918
File /usr/local/lib/python3.9/site-packages/django/core/management/base.py first seen with mtime 1735204640.9846919
File /usr/local/lib/python3.9/site-packages/django/contrib/admin/actions.py first seen with mtime 1735204639.6886919
File /usr/local/lib/python3.9/site-packages/django/contrib/auth/tokens.py first seen with mtime 1735204640.101692
File /usr/local/lib/python3.9/lib-dynload/_bz2.cpython-39-x86_64-linux-gnu.so first seen with mtime 1733344524.0
File /usr/local/lib/python3.9/reprlib.py first seen with mtime 1733344535.0
File /usr/local/lib/python3.9/socketserver.py first seen with mtime 1733344535.0
File /usr/local/lib/python3.9/site-packages/corsheaders/signals.py first seen with mtime 1735204643.3726919
File /usr/local/lib/python3.9/site-packages/django/db/migrations/operations/base.py first seen with mtime 1735204641.0436919
File /usr/local/lib/python3.9/site-packages/django/db/models/functions/math.py first seen with mtime 1735204641.064692
File /usr/local/lib/python3.9/site-packages/django/db/models/query.py first seen with mtime 1735204641.052692
File /usr/local/lib/python3.9/site-packages/django/middleware/security.py first seen with mtime 1735204641.108692
File /usr/local/lib/python3.9/asyncio/protocols.py first seen with mtime 1733344537.0
File /usr/local/lib/python3.9/asyncio/futures.py first seen with mtime 1733344537.0
File /usr/local/lib/python3.9/urllib/response.py first seen with mtime 1733344538.0
File /usr/local/lib/python3.9/site-packages/django/core/serializers/python.py first seen with mtime 1735204641.0016918
File /usr/local/lib/python3.9/site-packages/django/db/models/fields/reverse_related.py first seen with mtime 1735204641.0636919
File /usr/local/lib/python3.9/site-packages/sqlparse/filters/aligned_indent.py first seen with mtime 1735204635.404692
File /usr/local/lib/python3.9/site-packages/django/core/checks/compatibility/django_4_0.py first seen with mtime 1735204640.9746919
File /usr/local/lib/python3.9/site-packages/django/contrib/staticfiles/management/__init__.py first seen with mtime 1735204640.9616919
File /usr/local/lib/python3.9/site-packages/django/forms/__init__.py first seen with mtime 1735204641.0706918
File /usr/local/lib/python3.9/hashlib.py first seen with mtime 1733344535.0
File /usr/local/lib/python3.9/site-packages/django/contrib/admin/checks.py first seen with mtime 1735204639.689692
File /usr/local/lib/python3.9/codecs.py first seen with mtime 1733344535.0
File /usr/local/lib/python3.9/decimal.py first seen with mtime 1733344535.0
File /usr/local/lib/python3.9/site-packages/django/core/files/storage/memory.py first seen with mtime 1735204640.979692
File /usr/local/lib/python3.9/asyncio/base_events.py first seen with mtime 1733344537.0
File /usr/local/lib/python3.9/site-packages/django/views/decorators/__init__.py first seen with mtime 1735204641.1496918
File /usr/local/lib/python3.9/site-packages/django/core/cache/backends/__init__.py first seen with mtime 1735204640.9686918
File /usr/local/lib/python3.9/site-packages/cryptography/hazmat/decrepit/ciphers/algorithms.py first seen with mtime 1735204642.8956919
File /usr/local/lib/python3.9/site-packages/django/contrib/admin/views/main.py first seen with mtime 1735204639.9286919
File /usr/local/lib/python3.9/site-packages/django/db/backends/base/__init__.py first seen with mtime 1735204641.0046918
File /usr/local/lib/python3.9/site-packages/cryptography/hazmat/backends/__init__.py first seen with mtime 1735204643.107692
File /usr/local/lib/python3.9/site-packages/asgiref/__init__.py first seen with mtime 1735204639.408692
File /usr/local/lib/python3.9/email/policy.py first seen with mtime 1733344537.0
File /usr/local/lib/python3.9/site-packages/pymysql/connections.py first seen with mtime 1735204635.458692
File /usr/local/lib/python3.9/site-packages/django/utils/safestring.py first seen with mtime 1735204641.138692
File /usr/local/lib/python3.9/base64.py first seen with mtime 1733344535.0
File /usr/local/lib/python3.9/asyncio/base_subprocess.py first seen with mtime 1733344537.0
File /usr/local/lib/python3.9/site-packages/django/contrib/staticfiles/apps.py first seen with mtime 1735204640.959692
File /usr/local/lib/python3.9/site-packages/django/db/models/options.py first seen with mtime 1735204641.051692
File /usr/local/lib/python3.9/string.py first seen with mtime 1733344535.0
File /usr/local/lib/python3.9/email/mime/__init__.py first seen with mtime 1733344537.0
File /usr/local/lib/python3.9/lib-dynload/binascii.cpython-39-x86_64-linux-gnu.so first seen with mtime 1733344524.0
File /usr/local/lib/python3.9/lib-dynload/_hashlib.cpython-39-x86_64-linux-gnu.so first seen with mtime 1733344520.0
File /usr/local/lib/python3.9/site-packages/django/core/checks/security/csrf.py first seen with mtime 1735204640.975692
File /usr/local/lib/python3.9/site-packages/django/middleware/cache.py first seen with mtime 1735204641.105692
File /usr/local/lib/python3.9/asyncio/base_futures.py first seen with mtime 1733344537.0
File /usr/local/lib/python3.9/site-packages/cryptography/hazmat/_oid.py first seen with mtime 1735204642.894692
File /usr/local/lib/python3.9/site-packages/django/contrib/sites/__init__.py first seen with mtime 1735204640.880692
File /usr/local/lib/python3.9/site-packages/pymysql/__init__.py first seen with mtime 1735204635.457692
File /usr/local/lib/python3.9/abc.py first seen with mtime 1733344535.0
File /usr/local/lib/python3.9/site-packages/django/db/backends/mysql/client.py first seen with mtime 1735204641.012692
File /usr/local/lib/python3.9/site-packages/django/template/backends/base.py first seen with mtime 1735204641.114692
File /usr/local/lib/python3.9/_bootlocale.py first seen with mtime 1733344535.0
File /usr/local/lib/python3.9/site-packages/django/db/models/expressions.py first seen with mtime 1735204641.048692
File /usr/local/lib/python3.9/site-packages/pymysql/protocol.py first seen with mtime 1735204635.459692
File /usr/local/lib/python3.9/site-packages/corsheaders/conf.py first seen with mtime 1735204643.371692
File /usr/local/lib/python3.9/email/feedparser.py first seen with mtime 1733344537.0
File /usr/local/lib/python3.9/site-packages/django/utils/encoding.py first seen with mtime 1735204641.1326919
File /usr/local/lib/python3.9/encodings/aliases.py first seen with mtime 1733344537.0
File /usr/local/lib/python3.9/site-packages/django/views/generic/__init__.py first seen with mtime 1735204641.157692
File /usr/local/lib/python3.9/site-packages/cryptography/hazmat/primitives/asymmetric/rsa.py first seen with mtime 1735204643.135692
File /usr/local/lib/python3.9/zoneinfo/__init__.py first seen with mtime 1733344539.0
File /usr/local/lib/python3.9/lib-dynload/math.cpython-39-x86_64-linux-gnu.so first seen with mtime 1733344512.0
File /usr/local/lib/python3.9/lib-dynload/_opcode.cpython-39-x86_64-linux-gnu.so first seen with mtime 1733344515.0
File /usr/local/lib/python3.9/bisect.py first seen with mtime 1733344535.0
File /usr/local/lib/python3.9/site-packages/django/templatetags/static.py first seen with mtime 1735204641.118692
File /usr/local/lib/python3.9/site-packages/django/core/__init__.py first seen with mtime 1735204640.9646919
File /usr/local/lib/python3.9/site-packages/django/utils/duration.py first seen with mtime 1735204641.131692
File /usr/local/lib/python3.9/site-packages/cryptography/hazmat/primitives/asymmetric/__init__.py first seen with mtime 1735204643.135692
File /usr/local/lib/python3.9/ssl.py first seen with mtime 1733344535.0
File /usr/local/lib/python3.9/site-packages/asgiref/current_thread_executor.py first seen with mtime 1735204639.408692
File /usr/local/lib/python3.9/site-packages/pymysql/err.py first seen with mtime 1735204635.459692
File /usr/local/lib/python3.9/site-packages/django/core/mail/message.py first seen with mtime 1735204640.9816918
File /usr/local/lib/python3.9/html/__init__.py first seen with mtime 1733344538.0
File /usr/local/lib/python3.9/urllib/error.py first seen with mtime 1733344538.0
File /usr/local/lib/python3.9/site-packages/django/contrib/admin/decorators.py first seen with mtime 1735204639.690692
File /usr/local/lib/python3.9/lib-dynload/select.cpython-39-x86_64-linux-gnu.so first seen with mtime 1733344516.0
File /usr/local/lib/python3.9/datetime.py first seen with mtime 1733344535.0
File /usr/local/lib/python3.9/site-packages/django/contrib/auth/hashers.py first seen with mtime 1735204640.0996919
File /usr/local/lib/python3.9/site-packages/sqlparse/filters/__init__.py first seen with mtime 1735204635.404692
File /usr/local/lib/python3.9/site-packages/sqlparse/__init__.py first seen with mtime 1735204635.400692
File /usr/local/lib/python3.9/encodings/__init__.py first seen with mtime 1733344537.0
File /usr/local/lib/python3.9/site-packages/django/db/models/deletion.py first seen with mtime 1735204641.0476918
File /usr/local/lib/python3.9/site-packages/django/template/loaders/cached.py first seen with mtime 1735204641.1166918
File /usr/local/lib/python3.9/site-packages/cryptography/hazmat/decrepit/ciphers/__init__.py first seen with mtime 1735204642.894692
File /usr/local/lib/python3.9/site-packages/django/contrib/admin/migrations/0002_logentry_remove_auto_add.py first seen with mtime 1735204639.867692
File /usr/local/lib/python3.9/ast.py first seen with mtime 1733344535.0
File /usr/local/lib/python3.9/glob.py first seen with mtime 1733344535.0
File /usr/local/lib/python3.9/locale.py first seen with mtime 1733344535.0
File /usr/local/lib/python3.9/site-packages/sqlparse/filters/right_margin.py first seen with mtime 1735204635.4056919
File /usr/local/lib/python3.9/asyncio/log.py first seen with mtime 1733344537.0
File /usr/local/lib/python3.9/http/client.py first seen with mtime 1733344538.0
File /usr/local/lib/python3.9/site-packages/django/contrib/messages/utils.py first seen with mtime 1735204640.637692
File /usr/local/lib/python3.9/site-packages/django/core/checks/compatibility/__init__.py first seen with mtime 1735204640.9746919
File /usr/local/lib/python3.9/warnings.py first seen with mtime 1733344535.0
File /usr/local/lib/python3.9/site-packages/django/core/management/commands/__init__.py first seen with mtime 1735204640.985692
File /usr/local/lib/python3.9/urllib/request.py first seen with mtime 1733344538.0
File /usr/local/lib/python3.9/lib-dynload/_json.cpython-39-x86_64-linux-gnu.so first seen with mtime 1733344515.0
File /usr/local/lib/python3.9/lib-dynload/_posixsubprocess.cpython-39-x86_64-linux-gnu.so first seen with mtime 1733344517.0
File /usr/local/lib/python3.9/site-packages/django/http/response.py first seen with mtime 1735204641.1036918
File /usr/local/lib/python3.9/site-packages/cryptography/hazmat/primitives/_cipheralgorithm.py first seen with mtime 1735204643.107692
File /usr/local/lib/python3.9/http/server.py first seen with mtime 1733344538.0
File /usr/local/lib/python3.9/site-packages/django/contrib/admin/__init__.py first seen with mtime 1735204639.6856918
File /usr/local/lib/python3.9/site-packages/django/core/servers/basehttp.py first seen with mtime 1735204641.002692
File /usr/local/lib/python3.9/site-packages/django/views/decorators/common.py first seen with mtime 1735204641.151692
File /usr/local/lib/python3.9/site-packages/cryptography/__init__.py first seen with mtime 1735204642.8896918
File /usr/local/lib/python3.9/site-packages/cryptography/hazmat/primitives/ciphers/modes.py first seen with mtime 1735204643.107692
File /app/xinfang_project/settings.py first seen with mtime 1735283159.5547001
File /usr/local/lib/python3.9/site-packages/django/contrib/sites/requests.py first seen with mtime 1735204640.881692
File /usr/local/lib/python3.9/site-packages/django/contrib/sessions/base_session.py first seen with mtime 1735204640.792692
File /usr/local/lib/python3.9/email/_policybase.py first seen with mtime 1733344537.0
File /usr/local/lib/python3.9/site-packages/django/contrib/auth/apps.py first seen with mtime 1735204640.094692
File /usr/local/lib/python3.9/contextlib.py first seen with mtime 1733344535.0
File /usr/local/lib/python3.9/sre_compile.py first seen with mtime 1733344535.0
File /usr/local/lib/python3.9/site-packages/django/core/management/commands/runserver.py first seen with mtime 1735204640.9946918
File /usr/local/lib/python3.9/site-packages/django/core/wsgi.py first seen with mtime 1735204640.9686918
File /usr/local/lib/python3.9/html/entities.py first seen with mtime 1733344538.0
File /usr/local/lib/python3.9/site-packages/django/contrib/sessions/backends/base.py first seen with mtime 1735204640.795692
File /usr/local/lib/python3.9/operator.py first seen with mtime 1733344535.0
File /usr/local/lib/python3.9/selectors.py first seen with mtime 1733344535.0
File /usr/local/lib/python3.9/site-packages/django/db/backends/mysql/validation.py first seen with mtime 1735204641.015692
File /usr/local/lib/python3.9/copyreg.py first seen with mtime 1733344535.0
File /usr/local/lib/python3.9/asyncio/transports.py first seen with mtime 1733344537.0
File /usr/local/lib/python3.9/site-packages/cryptography/__about__.py first seen with mtime 1735204642.8896918
File /usr/local/lib/python3.9/site-packages/django/contrib/admin/migrations/0003_logentry_add_action_flag_choices.py first seen with mtime 1735204639.867692
File /usr/local/lib/python3.9/site-packages/django/contrib/auth/migrations/0011_update_proxy_permissions.py first seen with mtime 1735204640.232692
File /usr/local/lib/python3.9/site-packages/django/views/i18n.py first seen with mtime 1735204641.148692
File /usr/local/lib/python3.9/site-packages/django/core/cache/backends/base.py first seen with mtime 1735204640.9686918
File /usr/local/lib/python3.9/lib-dynload/_decimal.cpython-39-x86_64-linux-gnu.so first seen with mtime 1733344534.0
File /usr/local/lib/python3.9/site-packages/django/core/management/color.py first seen with mtime 1735204640.9846919
File /usr/local/lib/python3.9/site-packages/django/contrib/contenttypes/forms.py first seen with mtime 1735204640.235692
File /usr/local/lib/python3.9/site-packages/django/db/backends/base/base.py first seen with mtime 1735204641.005692
File /usr/local/lib/python3.9/site-packages/django/db/models/utils.py first seen with mtime 1735204641.054692
File /usr/local/lib/python3.9/email/parser.py first seen with mtime 1733344537.0
File /usr/local/lib/python3.9/site-packages/django/forms/formsets.py first seen with mtime 1735204641.0736918
File /usr/local/lib/python3.9/site-packages/django/apps/__init__.py first seen with mtime 1735204639.503692
File /usr/local/lib/python3.9/site-packages/django/contrib/contenttypes/management/__init__.py first seen with mtime 1735204640.327692
File /usr/local/lib/python3.9/site-packages/django/db/backends/base/creation.py first seen with mtime 1735204641.0076919
File /usr/local/lib/python3.9/lib-dynload/_ssl.cpython-39-x86_64-linux-gnu.so first seen with mtime 1733344521.0
File /usr/local/lib/python3.9/site-packages/django/contrib/auth/migrations/__init__.py first seen with mtime 1735204640.232692
File /usr/local/lib/python3.9/asyncio/format_helpers.py first seen with mtime 1733344537.0
File /usr/local/lib/python3.9/site-packages/django/db/models/aggregates.py first seen with mtime 1735204641.045692
File /usr/local/lib/python3.9/_sysconfigdata__linux_x86_64-linux-gnu.py first seen with mtime 1733344539.0
File /usr/local/lib/python3.9/logging/__init__.py first seen with mtime 1733344538.0
File /usr/local/lib/python3.9/site-packages/pymysql/_auth.py first seen with mtime 1735204635.457692
File /usr/local/lib/python3.9/email/mime/base.py first seen with mtime 1733344537.0
File /usr/local/lib/python3.9/subprocess.py first seen with mtime 1733344535.0
File /usr/local/lib/python3.9/site-packages/django/dispatch/dispatcher.py first seen with mtime 1735204641.069692
File /usr/local/lib/python3.9/zoneinfo/_common.py first seen with mtime 1733344539.0
File /usr/local/lib/python3.9/site-packages/django/contrib/staticfiles/handlers.py first seen with mtime 1735204640.959692
File /usr/local/lib/python3.9/configparser.py first seen with mtime 1733344535.0
File /usr/local/lib/python3.9/site-packages/cryptography/hazmat/primitives/asymmetric/utils.py first seen with mtime 1735204643.134692
File /usr/local/lib/python3.9/pickle.py first seen with mtime 1733344535.0
File /usr/local/lib/python3.9/site-packages/pymysql/constants/COMMAND.py first seen with mtime 1735204635.460692
File /usr/local/lib/python3.9/numbers.py first seen with mtime 1733344535.0
File /usr/local/lib/python3.9/ipaddress.py first seen with mtime 1733344535.0
File /usr/local/lib/python3.9/site-packages/django/urls/resolvers.py first seen with mtime 1735204641.124692
File /usr/local/lib/python3.9/site-packages/sqlparse/utils.py first seen with mtime 1735204635.403692
File /usr/local/lib/python3.9/site-packages/pymysql/optionfile.py first seen with mtime 1735204635.459692
File /usr/local/lib/python3.9/site-packages/django/db/migrations/migration.py first seen with mtime 1735204641.0346918
File /usr/local/lib/python3.9/asyncio/selector_events.py first seen with mtime 1733344537.0
File /usr/local/lib/python3.9/site-packages/django/contrib/contenttypes/views.py first seen with mtime 1735204640.236692
File /usr/local/lib/python3.9/site-packages/django/core/checks/database.py first seen with mtime 1735204640.9716918
File /usr/local/lib/python3.9/site-packages/django/contrib/admin/views/autocomplete.py first seen with mtime 1735204639.927692
File /usr/local/lib/python3.9/site-packages/django/conf/urls/__init__.py first seen with mtime 1735204639.684692
File /usr/local/lib/python3.9/site-packages/pymysql/constants/SERVER_STATUS.py first seen with mtime 1735204635.462692
File /usr/local/lib/python3.9/site-packages/django/views/generic/base.py first seen with mtime 1735204641.157692
File /usr/local/lib/python3.9/site-packages/django/contrib/contenttypes/models.py first seen with mtime 1735204640.236692
File /usr/local/lib/python3.9/keyword.py first seen with mtime 1733344535.0
File /usr/local/lib/python3.9/site-packages/django/conf/locale/__init__.py first seen with mtime 1735204639.506692
File /usr/local/lib/python3.9/site-packages/django/db/models/manager.py first seen with mtime 1735204641.0506918
File /usr/local/lib/python3.9/site-packages/django/contrib/admin/exceptions.py first seen with mtime 1735204639.690692
File /usr/local/lib/python3.9/weakref.py first seen with mtime 1733344535.0
File /usr/local/lib/python3.9/site-packages/django/utils/html.py first seen with mtime 1735204641.133692
File /usr/local/lib/python3.9/site-packages/cryptography/exceptions.py first seen with mtime 1735204642.8896918
File /usr/local/lib/python3.9/site-packages/django/templatetags/__init__.py first seen with mtime 1735204641.117692
File /usr/local/lib/python3.9/site-packages/django/utils/hashable.py first seen with mtime 1735204641.133692
File /usr/local/lib/python3.9/site-packages/pymysql/charset.py first seen with mtime 1735204635.457692
File /usr/local/lib/python3.9/email/generator.py first seen with mtime 1733344537.0
File /usr/local/lib/python3.9/site-packages/django/contrib/admin/utils.py first seen with mtime 1735204639.6956918
File /usr/local/lib/python3.9/site-packages/django/http/request.py first seen with mtime 1735204641.102692
File /usr/local/lib/python3.9/http/__init__.py first seen with mtime 1733344538.0
File /usr/local/lib/python3.9/asyncio/threads.py first seen with mtime 1733344537.0
File /usr/local/lib/python3.9/wsgiref/simple_server.py first seen with mtime 1733344538.0
File /usr/local/lib/python3.9/site-packages/django/contrib/auth/models.py first seen with mtime 1735204640.101692
File /usr/local/lib/python3.9/site-packages/django/db/migrations/loader.py first seen with mtime 1735204641.0346918
File /usr/local/lib/python3.9/site-packages/_cffi_backend.cpython-39-x86_64-linux-gnu.so first seen with mtime 1735204639.301692
File /usr/local/lib/python3.9/email/quoprimime.py first seen with mtime 1733344537.0
File /usr/local/lib/python3.9/site-packages/django/__init__.py first seen with mtime 1735204639.502692
File /usr/local/lib/python3.9/bz2.py first seen with mtime 1733344535.0
File /usr/local/lib/python3.9/site-packages/django/templatetags/l10n.py first seen with mtime 1735204641.117692
File /usr/local/lib/python3.9/lib-dynload/_random.cpython-39-x86_64-linux-gnu.so first seen with mtime 1733344513.0
File /usr/local/lib/python3.9/asyncio/locks.py first seen with mtime 1733344537.0
File /usr/local/lib/python3.9/site-packages/django/db/backends/base/introspection.py first seen with mtime 1735204641.008692
File /usr/local/lib/python3.9/site-packages/django/core/files/storage/filesystem.py first seen with mtime 1735204640.979692
File /usr/local/lib/python3.9/site-packages/django/forms/widgets.py first seen with mtime 1735204641.075692
File /app/consultation/apps.py first seen with mtime 1733997832.3411674
File /usr/local/lib/python3.9/site-packages/django/contrib/messages/middleware.py first seen with mtime 1735204640.637692
File /usr/local/lib/python3.9/lib-dynload/_uuid.cpython-39-x86_64-linux-gnu.so first seen with mtime 1733344528.0
File /usr/local/lib/python3.9/dis.py first seen with mtime 1733344535.0
File /usr/local/lib/python3.9/wsgiref/headers.py first seen with mtime 1733344538.0
File /usr/local/lib/python3.9/site-packages/django/core/files/images.py first seen with mtime 1735204640.976692
File /usr/local/lib/python3.9/urllib/__init__.py first seen with mtime 1733344538.0
File /usr/local/lib/python3.9/struct.py first seen with mtime 1733344535.0
File /usr/local/lib/python3.9/site-packages/django/template/utils.py first seen with mtime 1735204641.114692
File /usr/local/lib/python3.9/site-packages/django/urls/__init__.py first seen with mtime 1735204641.123692
File /usr/local/lib/python3.9/site-packages/cryptography/hazmat/bindings/__init__.py first seen with mtime 1735204642.8956919
File /usr/local/lib/python3.9/site-packages/django/utils/functional.py first seen with mtime 1735204641.133692
File /usr/local/lib/python3.9/site-packages/cryptography/hazmat/decrepit/__init__.py first seen with mtime 1735204642.894692
File /usr/local/lib/python3.9/site-packages/django/core/files/storage/mixins.py first seen with mtime 1735204640.979692
File /usr/local/lib/python3.9/site-packages/cryptography/hazmat/primitives/_serialization.py first seen with mtime 1735204643.107692
File /usr/local/lib/python3.9/site-packages/django/conf/global_settings.py first seen with mtime 1735204639.5046918
File /usr/local/lib/python3.9/site-packages/django/core/checks/files.py first seen with mtime 1735204640.9716918
File /usr/local/lib/python3.9/site-packages/django/db/backends/base/features.py first seen with mtime 1735204641.008692
File /usr/local/lib/python3.9/lib-dynload/_lzma.cpython-39-x86_64-linux-gnu.so first seen with mtime 1733344524.0
File /usr/local/lib/python3.9/site-packages/django/contrib/admin/templatetags/admin_list.py first seen with mtime 1735204639.9256918
File /usr/local/lib/python3.9/site-packages/django/contrib/admin/templatetags/log.py first seen with mtime 1735204639.926692
File /app/consultation/urls.py first seen with mtime 1734589122.3353808
File /usr/local/lib/python3.9/site-packages/django/contrib/messages/__init__.py first seen with mtime 1735204640.6366918
File /usr/local/lib/python3.9/site-packages/django/template/defaultfilters.py first seen with mtime 1735204641.110692
File /usr/local/lib/python3.9/site-packages/django/contrib/sessions/backends/__init__.py first seen with mtime 1735204640.7946918
File /usr/local/lib/python3.9/site-packages/django/contrib/staticfiles/management/commands/runserver.py first seen with mtime 1735204640.963692
File /usr/local/lib/python3.9/site-packages/django/core/files/storage/base.py first seen with mtime 1735204640.9786918
File /usr/local/lib/python3.9/site-packages/django/db/models/sql/query.py first seen with mtime 1735204641.0676918
File /usr/local/lib/python3.9/site-packages/django/template/base.py first seen with mtime 1735204641.1096919
File /usr/local/lib/python3.9/site-packages/sqlparse/filters/tokens.py first seen with mtime 1735204635.4056919
File /usr/local/lib/python3.9/site-packages/sqlparse/tokens.py first seen with mtime 1735204635.402692
File /usr/local/lib/python3.9/site-packages/django/db/__init__.py first seen with mtime 1735204641.002692
File /usr/local/lib/python3.9/site-packages/django/contrib/sessions/middleware.py first seen with mtime 1735204640.7946918
File /usr/local/lib/python3.9/site-packages/django/db/migrations/operations/models.py first seen with mtime 1735204641.0446918
File /usr/local/lib/python3.9/site-packages/django/utils/datastructures.py first seen with mtime 1735204641.1296918
File /usr/local/lib/python3.9/site-packages/django/contrib/admin/templatetags/admin_urls.py first seen with mtime 1735204639.9256918
File /usr/local/lib/python3.9/site-packages/django/core/serializers/json.py first seen with mtime 1735204641.000692
File /usr/local/lib/python3.9/lib-dynload/fcntl.cpython-39-x86_64-linux-gnu.so first seen with mtime 1733344516.0
File /usr/local/lib/python3.9/site-packages/django/utils/termcolors.py first seen with mtime 1735204641.138692
File /usr/local/lib/python3.9/functools.py first seen with mtime 1733344535.0
File /usr/local/lib/python3.9/tokenize.py first seen with mtime 1733344535.0
File /usr/local/lib/python3.9/site-packages/django/template/loaders/app_directories.py first seen with mtime 1735204641.1166918
File /usr/local/lib/python3.9/site-packages/django/views/decorators/csrf.py first seen with mtime 1735204641.156692
File /usr/local/lib/python3.9/json/encoder.py first seen with mtime 1733344538.0
File /usr/local/lib/python3.9/site-packages/django/db/models/fields/proxy.py first seen with mtime 1735204641.058692
File /usr/local/lib/python3.9/asyncio/trsock.py first seen with mtime 1733344537.0
File /usr/local/lib/python3.9/asyncio/__init__.py first seen with mtime 1733344537.0
File /usr/local/lib/python3.9/hmac.py first seen with mtime 1733344535.0
File /usr/local/lib/python3.9/email/message.py first seen with mtime 1733344537.0
File /usr/local/lib/python3.9/site-packages/django/contrib/admin/sites.py first seen with mtime 1735204639.694692
File /usr/local/lib/python3.9/site-packages/django/contrib/sessions/__init__.py first seen with mtime 1735204640.792692
File /usr/local/lib/python3.9/site-packages/django/db/models/fields/related_descriptors.py first seen with mtime 1735204641.061692
File /usr/local/lib/python3.9/site-packages/django/utils/module_loading.py first seen with mtime 1735204641.137692
File /usr/local/lib/python3.9/concurrent/futures/__init__.py first seen with mtime 1733344537.0
File /usr/local/lib/python3.9/site-packages/django/db/models/__init__.py first seen with mtime 1735204641.045692
File /usr/local/lib/python3.9/site-packages/django/core/mail/__init__.py first seen with mtime 1735204640.9816918
File /usr/local/lib/python3.9/asyncio/streams.py first seen with mtime 1733344537.0
File /usr/local/lib/python3.9/site-packages/django/core/validators.py first seen with mtime 1735204640.966692
File /usr/local/lib/python3.9/secrets.py first seen with mtime 1733344535.0
File /usr/local/lib/python3.9/lib-dynload/unicodedata.cpython-39-x86_64-linux-gnu.so first seen with mtime 1733344517.0
File /usr/local/lib/python3.9/site-packages/django/contrib/messages/apps.py first seen with mtime 1735204640.637692
File /usr/local/lib/python3.9/site-packages/django/core/checks/__init__.py first seen with mtime 1735204640.9716918
File /usr/local/lib/python3.9/site-packages/django/db/backends/base/schema.py first seen with mtime 1735204641.010692
File /usr/local/lib/python3.9/site-packages/django/db/backends/mysql/operations.py first seen with mtime 1735204641.015692
File /usr/local/lib/python3.9/site-packages/sqlparse/filters/output.py first seen with mtime 1735204635.4056919
File /app/consultation/models.py first seen with mtime 1733999767.78993
File /usr/local/lib/python3.9/site-packages/django/core/files/locks.py first seen with mtime 1735204640.976692
File /usr/local/lib/python3.9/site-packages/django/core/cache/backends/filebased.py first seen with mtime 1735204640.969692
File /usr/local/lib/python3.9/mimetypes.py first seen with mtime 1733344535.0
File /usr/local/lib/python3.9/site-packages/django/contrib/auth/password_validation.py first seen with mtime 1735204640.101692
File /usr/local/lib/python3.9/site-packages/django/apps/config.py first seen with mtime 1735204639.503692
File /usr/local/lib/python3.9/site-packages/django/utils/cache.py first seen with mtime 1735204641.128692
File /usr/local/lib/python3.9/site-packages/django/contrib/admin/templatetags/base.py first seen with mtime 1735204639.926692
File /usr/local/lib/python3.9/email/mime/nonmultipart.py first seen with mtime 1733344537.0
File /usr/local/lib/python3.9/logging/config.py first seen with mtime 1733344538.0
File /usr/local/lib/python3.9/site-packages/cryptography/hazmat/primitives/__init__.py first seen with mtime 1735204643.107692
File /usr/local/lib/python3.9/site-packages/django/contrib/admin/templatetags/admin_modify.py first seen with mtime 1735204639.9256918
File /usr/local/lib/python3.9/site-packages/django/db/models/sql/datastructures.py first seen with mtime 1735204641.0676918
File /usr/local/lib/python3.9/site-packages/corsheaders/defaults.py first seen with mtime 1735204643.371692
File /usr/local/lib/python3.9/site-packages/django/urls/utils.py first seen with mtime 1735204641.125692
File /usr/local/lib/python3.9/site-packages/django/views/generic/dates.py first seen with mtime 1735204641.158692
File /usr/local/lib/python3.9/opcode.py first seen with mtime 1733344535.0
File /usr/local/lib/python3.9/site-packages/django/contrib/contenttypes/admin.py first seen with mtime 1735204640.235692
File /usr/local/lib/python3.9/site-packages/django/http/__init__.py first seen with mtime 1735204641.100692
File /usr/local/lib/python3.9/wsgiref/__init__.py first seen with mtime 1733344538.0
File /usr/local/lib/python3.9/threading.py first seen with mtime 1733344535.0
File /usr/local/lib/python3.9/site-packages/django/contrib/auth/management/__init__.py first seen with mtime 1735204640.227692
File /usr/local/lib/python3.9/shutil.py first seen with mtime 1733344535.0
File /usr/local/lib/python3.9/site-packages/django/db/models/functions/text.py first seen with mtime 1735204641.065692
File /usr/local/lib/python3.9/site-packages/cryptography/hazmat/primitives/asymmetric/ed25519.py first seen with mtime 1735204643.1426919
File /usr/local/lib/python3.9/site-packages/django/contrib/contenttypes/fields.py first seen with mtime 1735204640.235692
File /usr/local/lib/python3.9/site-packages/sqlparse/engine/statement_splitter.py first seen with mtime 1735204635.404692
File /usr/local/lib/python3.9/lib-dynload/_sha512.cpython-39-x86_64-linux-gnu.so first seen with mtime 1733344521.0
File /usr/local/lib/python3.9/__future__.py first seen with mtime 1733344535.0
File /usr/local/lib/python3.9/site-packages/django/core/files/uploadhandler.py first seen with mtime 1735204640.977692
File /usr/local/lib/python3.9/calendar.py first seen with mtime 1733344535.0
File /usr/local/lib/python3.9/enum.py first seen with mtime 1733344535.0
File /usr/local/lib/python3.9/argparse.py first seen with mtime 1733344535.0
File /usr/local/lib/python3.9/site-packages/django/contrib/auth/admin.py first seen with mtime 1735204640.0936918
File /usr/local/lib/python3.9/site-packages/django/contrib/staticfiles/views.py first seen with mtime 1735204640.960692
File /usr/local/lib/python3.9/email/contentmanager.py first seen with mtime 1733344537.0
File /usr/local/lib/python3.9/site-packages/django/views/generic/edit.py first seen with mtime 1735204641.158692
File /usr/local/lib/python3.9/site-packages/django/core/checks/registry.py first seen with mtime 1735204640.973692
File /usr/local/lib/python3.9/logging/handlers.py first seen with mtime 1733344538.0
File /usr/local/lib/python3.9/site-packages/django/db/migrations/operations/special.py first seen with mtime 1735204641.045692
File /usr/local/lib/python3.9/site-packages/cryptography/hazmat/primitives/asymmetric/padding.py first seen with mtime 1735204643.1426919
File /usr/local/lib/python3.9/site-packages/django/urls/base.py first seen with mtime 1735204641.123692
File /usr/local/lib/python3.9/site-packages/django/utils/asyncio.py first seen with mtime 1735204641.1266918
File /usr/local/lib/python3.9/stat.py first seen with mtime 1733344535.0
File /usr/local/lib/python3.9/site-packages/django/views/static.py first seen with mtime 1735204641.148692
File /usr/local/lib/python3.9/site-packages/django/db/utils.py first seen with mtime 1735204641.003692
File /usr/local/lib/python3.9/email/header.py first seen with mtime 1733344537.0
File /usr/local/lib/python3.9/site-packages/django/forms/forms.py first seen with mtime 1735204641.0736918
File /usr/local/lib/python3.9/queue.py first seen with mtime 1733344535.0
File /usr/local/lib/python3.9/site-packages/django/db/models/functions/comparison.py first seen with mtime 1735204641.064692
File /usr/local/lib/python3.9/site-packages/sqlparse/filters/others.py first seen with mtime 1735204635.404692
File /usr/local/lib/python3.9/site-packages/django/db/models/constraints.py first seen with mtime 1735204641.0476918
File /usr/local/lib/python3.9/site-packages/django/db/migrations/utils.py first seen with mtime 1735204641.042692
File /usr/local/lib/python3.9/lib-dynload/_asyncio.cpython-39-x86_64-linux-gnu.so first seen with mtime 1733344516.0
File /usr/local/lib/python3.9/site-packages/django/db/migrations/executor.py first seen with mtime 1735204641.033692
File /usr/local/lib/python3.9/os.py first seen with mtime 1733344535.0
File /usr/local/lib/python3.9/pathlib.py first seen with mtime 1733344535.0
File /usr/local/lib/python3.9/site-packages/django/core/files/uploadedfile.py first seen with mtime 1735204640.977692
File /usr/local/lib/python3.9/site-packages/cryptography/hazmat/primitives/asymmetric/dsa.py first seen with mtime 1735204643.1426919
File /usr/local/lib/python3.9/token.py first seen with mtime 1733344535.0
File /usr/local/lib/python3.9/site-packages/django/core/files/storage/__init__.py first seen with mtime 1735204640.9786918
File /usr/local/lib/python3.9/concurrent/futures/thread.py first seen with mtime 1733344537.0
File /usr/local/lib/python3.9/asyncio/exceptions.py first seen with mtime 1733344537.0
File /usr/local/lib/python3.9/site-packages/django/core/serializers/__init__.py first seen with mtime 1735204640.998692
File /usr/local/lib/python3.9/asyncio/events.py first seen with mtime 1733344537.0
File /usr/local/lib/python3.9/json/scanner.py first seen with mtime 1733344538.0
File /usr/local/lib/python3.9/random.py first seen with mtime 1733344535.0
File /usr/local/lib/python3.9/site-packages/django/views/decorators/cache.py first seen with mtime 1735204641.150692
File /usr/local/lib/python3.9/site-packages/django/template/__init__.py first seen with mtime 1735204641.108692
File /usr/local/lib/python3.9/site-packages/django/views/generic/list.py first seen with mtime 1735204641.1596918
File /usr/local/lib/python3.9/site-packages/django/contrib/sites/shortcuts.py first seen with mtime 1735204640.8826919
File /usr/local/lib/python3.9/site-packages/django/core/handlers/__init__.py first seen with mtime 1735204640.979692
File /usr/local/lib/python3.9/site-packages/django/core/files/__init__.py first seen with mtime 1735204640.975692
File /usr/local/lib/python3.9/email/encoders.py first seen with mtime 1733344537.0
File /usr/local/lib/python3.9/encodings/utf_8.py first seen with mtime 1733344537.0
File /usr/local/lib/python3.9/site-packages/django/utils/topological_sort.py first seen with mtime 1735204641.141692
File /usr/local/lib/python3.9/site-packages/cryptography/hazmat/primitives/serialization/ssh.py first seen with mtime 1735204643.1326919
File /usr/local/lib/python3.9/site-packages/django/utils/itercompat.py first seen with mtime 1735204641.135692
File /usr/local/lib/python3.9/site-packages/django/core/checks/templates.py first seen with mtime 1735204640.973692
File /usr/local/lib/python3.9/site-packages/django/views/defaults.py first seen with mtime 1735204641.147692
File /usr/local/lib/python3.9/_weakrefset.py first seen with mtime 1733344535.0
File /usr/local/lib/python3.9/site-packages/django/db/migrations/graph.py first seen with mtime 1735204641.0346918
File /usr/local/lib/python3.9/site-packages/django/db/models/signals.py first seen with mtime 1735204641.054692
File /usr/local/lib/python3.9/site-packages/django/core/mail/utils.py first seen with mtime 1735204640.9816918
File /usr/local/lib/python3.9/site-packages/django/utils/autoreload.py first seen with mtime 1735204641.1266918
File /usr/local/lib/python3.9/pprint.py first seen with mtime 1733344535.0
File /usr/local/lib/python3.9/site-packages/django/dispatch/__init__.py first seen with mtime 1735204641.069692
File /usr/local/lib/python3.9/site-packages/django/core/exceptions.py first seen with mtime 1735204640.9656918
File /usr/local/lib/python3.9/site-packages/django/db/backends/mysql/__init__.py first seen with mtime 1735204641.0116918
File /usr/local/lib/python3.9/site-packages/django/template/backends/django.py first seen with mtime 1735204641.115692
File /usr/local/lib/python3.9/site-packages/django/utils/formats.py first seen with mtime 1735204641.1326919
File /usr/local/lib/python3.9/ntpath.py first seen with mtime 1733344535.0
File /usr/local/lib/python3.9/site-packages/django/forms/boundfield.py first seen with mtime 1735204641.071692
File /usr/local/lib/python3.9/site-packages/django/forms/models.py first seen with mtime 1735204641.074692
File /usr/local/lib/python3.9/sre_constants.py first seen with mtime 1733344535.0
File /usr/local/lib/python3.9/site-packages/typing_extensions.py first seen with mtime 1735204635.368692
File /usr/local/lib/python3.9/site-packages/django/core/signals.py first seen with mtime 1735204640.966692
File /usr/local/lib/python3.9/site-packages/django/templatetags/tz.py first seen with mtime 1735204641.118692
File /usr/local/lib/python3.9/site-packages/django/utils/text.py first seen with mtime 1735204641.1396918
File /usr/local/lib/python3.9/site-packages/django/contrib/auth/forms.py first seen with mtime 1735204640.0996919
File /usr/local/lib/python3.9/site-packages/corsheaders/middleware.py first seen with mtime 1735204643.3726919
File /usr/local/lib/python3.9/site-packages/pymysql/constants/CR.py first seen with mtime 1735204635.460692
File /usr/local/lib/python3.9/site-packages/sqlparse/exceptions.py first seen with mtime 1735204635.401692
File /usr/local/lib/python3.9/site-packages/sqlparse/sql.py first seen with mtime 1735204635.402692
File /usr/local/lib/python3.9/site-packages/django/contrib/admin/apps.py first seen with mtime 1735204639.689692
File /usr/local/lib/python3.9/site-packages/django/contrib/staticfiles/finders.py first seen with mtime 1735204640.959692
File /usr/local/lib/python3.9/site-packages/django/utils/tree.py first seen with mtime 1735204641.141692
File /usr/local/lib/python3.9/site-packages/django/utils/version.py first seen with mtime 1735204641.1426919
File /usr/local/lib/python3.9/site-packages/django/utils/deconstruct.py first seen with mtime 1735204641.130692
File /usr/local/lib/python3.9/site-packages/django/conf/__init__.py first seen with mtime 1735204639.5046918
File /usr/local/lib/python3.9/site-packages/django/db/models/base.py first seen with mtime 1735204641.046692
File /usr/local/lib/python3.9/site-packages/django/utils/dateparse.py first seen with mtime 1735204641.1296918
File /usr/local/lib/python3.9/linecache.py first seen with mtime 1733344535.0
File /usr/local/lib/python3.9/site-packages/cryptography/hazmat/primitives/asymmetric/ec.py first seen with mtime 1735204643.135692
File /usr/local/lib/python3.9/lib-dynload/array.cpython-39-x86_64-linux-gnu.so first seen with mtime 1733344512.0
File /usr/local/lib/python3.9/site-packages/django/contrib/__init__.py first seen with mtime 1735204639.6856918
File /usr/local/lib/python3.9/_compat_pickle.py first seen with mtime 1733344535.0
File /usr/local/lib/python3.9/site-packages/django/contrib/admin/migrations/0001_initial.py first seen with mtime 1735204639.867692
File /usr/local/lib/python3.9/site-packages/django/contrib/admin/templatetags/__init__.py first seen with mtime 1735204639.924692
File /usr/local/lib/python3.9/site-packages/pymysql/converters.py first seen with mtime 1735204635.458692
File /usr/local/lib/python3.9/site-packages/pymysql/constants/ER.py first seen with mtime 1735204635.460692
File /usr/local/lib/python3.9/site-packages/django/template/smartif.py first seen with mtime 1735204641.1136918
File /usr/local/lib/python3.9/importlib/machinery.py first seen with mtime 1733344537.0
File /usr/local/lib/python3.9/platform.py first seen with mtime 1733344535.0
File /usr/local/lib/python3.9/site-packages/django/contrib/auth/migrations/0006_require_contenttypes_0002.py first seen with mtime 1735204640.230692
File /usr/local/lib/python3.9/site-packages/django/utils/translation/__init__.py first seen with mtime 1735204641.143692
File /usr/local/lib/python3.9/site-packages/django/core/cache/__init__.py first seen with mtime 1735204640.9686918
File /usr/local/lib/python3.9/site-packages/django/contrib/messages/constants.py first seen with mtime 1735204640.637692
File /usr/local/lib/python3.9/site-packages/django/core/handlers/wsgi.py first seen with mtime 1735204640.9816918
File /usr/local/lib/python3.9/site-packages/cryptography/hazmat/__init__.py first seen with mtime 1735204642.893692
File /usr/local/lib/python3.9/site.py first seen with mtime 1733344535.0
File /usr/local/lib/python3.9/encodings/latin_1.py first seen with mtime 1733344537.0
File /usr/local/lib/python3.9/site-packages/django/utils/regex_helper.py first seen with mtime 1735204641.137692
File /usr/local/lib/python3.9/site-packages/django/utils/connection.py first seen with mtime 1735204641.128692
File /usr/local/lib/python3.9/concurrent/__init__.py first seen with mtime 1733344537.0
File /usr/local/lib/python3.9/site-packages/django/middleware/__init__.py first seen with mtime 1735204641.105692
File /usr/local/lib/python3.9/json/decoder.py first seen with mtime 1733344538.0
File /app/consultation/admin.py first seen with mtime 1733997832.3393772
File /usr/local/lib/python3.9/site-packages/sqlparse/lexer.py first seen with mtime 1735204635.402692
File /usr/local/lib/python3.9/site-packages/django/contrib/auth/base_user.py first seen with mtime 1735204640.094692
File /usr/local/lib/python3.9/asyncio/subprocess.py first seen with mtime 1733344537.0
File /usr/local/lib/python3.9/lib-dynload/_zoneinfo.cpython-39-x86_64-linux-gnu.so first seen with mtime 1733344513.0
File /usr/local/lib/python3.9/site-packages/django/core/checks/async_checks.py first seen with mtime 1735204640.9716918
File /usr/local/lib/python3.9/email/_encoded_words.py first seen with mtime 1733344537.0
File /usr/local/lib/python3.9/lzma.py first seen with mtime 1733344535.0
File /usr/local/lib/python3.9/site-packages/django/template/exceptions.py first seen with mtime 1735204641.1126919
File /usr/local/lib/python3.9/lib-dynload/termios.cpython-39-x86_64-linux-gnu.so first seen with mtime 1733344522.0
File /usr/local/lib/python3.9/sre_parse.py first seen with mtime 1733344535.0
File /usr/local/lib/python3.9/lib-dynload/_heapq.cpython-39-x86_64-linux-gnu.so first seen with mtime 1733344513.0
File /usr/local/lib/python3.9/site-packages/django/middleware/csrf.py first seen with mtime 1735204641.1066918
File /usr/local/lib/python3.9/site-packages/django/utils/dates.py first seen with mtime 1735204641.130692
File /usr/local/lib/python3.9/copy.py first seen with mtime 1733344535.0
File /usr/local/lib/python3.9/site-packages/django/db/models/sql/subqueries.py first seen with mtime 1735204641.068692
File /usr/local/lib/python3.9/site-packages/django/db/backends/__init__.py first seen with mtime 1735204641.003692
File /usr/local/lib/python3.9/site-packages/django/contrib/contenttypes/checks.py first seen with mtime 1735204640.235692
File /usr/local/lib/python3.9/site-packages/django/core/files/utils.py first seen with mtime 1735204640.9786918
File /usr/local/lib/python3.9/site-packages/django/utils/http.py first seen with mtime 1735204641.134692
File /usr/local/lib/python3.9/asyncio/constants.py first seen with mtime 1733344537.0
File /usr/local/lib/python3.9/email/errors.py first seen with mtime 1733344537.0
File /usr/local/lib/python3.9/html/parser.py first seen with mtime 1733344538.0
File /usr/local/lib/python3.9/site-packages/sqlparse/engine/__init__.py first seen with mtime 1735204635.403692
File /usr/local/lib/python3.9/dataclasses.py first seen with mtime 1733344535.0
File /usr/local/lib/python3.9/email/mime/text.py first seen with mtime 1733344537.0
File /usr/local/lib/python3.9/uu.py first seen with mtime 1733344535.0
File /usr/local/lib/python3.9/site-packages/django/template/loaders/filesystem.py first seen with mtime 1735204641.1166918
File /usr/local/lib/python3.9/site-packages/django/contrib/auth/migrations/0003_alter_user_email_max_length.py first seen with mtime 1735204640.229692
File /usr/local/lib/python3.9/site-packages/django/db/models/query_utils.py first seen with mtime 1735204641.052692
File /usr/local/lib/python3.9/lib-dynload/_blake2.cpython-39-x86_64-linux-gnu.so first seen with mtime 1733344523.0
File /usr/local/lib/python3.9/asyncio/sslproto.py first seen with mtime 1733344537.0
File /usr/local/lib/python3.9/site-packages/django/contrib/admin/filters.py first seen with mtime 1735204639.692692
File /usr/local/lib/python3.9/site-packages/django/contrib/admin/helpers.py first seen with mtime 1735204639.692692
File /usr/local/lib/python3.9/site-packages/django/db/models/constants.py first seen with mtime 1735204641.0476918
File /usr/local/lib/python3.9/site-packages/cryptography/hazmat/primitives/serialization/__init__.py first seen with mtime 1735204643.130692
File /usr/local/lib/python3.9/uuid.py first seen with mtime 1733344535.0
File /usr/local/lib/python3.9/site-packages/django/contrib/auth/checks.py first seen with mtime 1735204640.095692
File /usr/local/lib/python3.9/wsgiref/util.py first seen with mtime 1733344538.0
File /usr/local/lib/python3.9/site-packages/django/views/__init__.py first seen with mtime 1735204641.1456919
File /usr/local/lib/python3.9/lib-dynload/_contextvars.cpython-39-x86_64-linux-gnu.so first seen with mtime 1733344511.0
File /usr/local/lib/python3.9/site-packages/pymysql/constants/__init__.py first seen with mtime 1735204635.462692
File /usr/local/lib/python3.9/typing.py first seen with mtime 1733344535.0
File /usr/local/lib/python3.9/site-packages/django/utils/translation/trans_real.py first seen with mtime 1735204641.1456919
File /usr/local/lib/python3.9/site-packages/django/core/serializers/base.py first seen with mtime 1735204640.999692
File /usr/local/lib/python3.9/site-packages/django/contrib/admin/models.py first seen with mtime 1735204639.692692
File /app/consultation/templates/.DS_Store first seen with mtime 1734345355.067217
File /app/consultation/templates/consultation first seen with mtime 1734590844.9573271
File /app/consultation/templates/consultation/.DS_Store first seen with mtime 1734590844.958955
File /app/consultation/templates/consultation/ask_question.html first seen with mtime 1734516034.1710982
File /app/consultation/templates/consultation/register.html first seen with mtime 1734512046.197478
File /app/consultation/templates/consultation/login.html first seen with mtime 1735269613.8473716
File /app/consultation/templates/consultation/question_list.html first seen with mtime 1734589569.3404806
File /app/consultation/templates/consultation/answer_question.html first seen with mtime 1734515063.419562
File /app/consultation/migrations/0001_initial.py first seen with mtime 1735279274.4038947
File /usr/local/lib/python3.9/site-packages/django/contrib/contenttypes/migrations/0002_remove_content_type_name.py first seen with mtime 1735204640.3306918
File /app/xinfang_project/wsgi.py first seen with mtime 1733997803.9621773
File /usr/local/lib/python3.9/site-packages/django/contrib/auth/migrations/0010_alter_group_name_max_length.py first seen with mtime 1735204640.232692
File /usr/local/lib/python3.9/site-packages/django/db/backends/mysql/compiler.py first seen with mtime 1735204641.013692
File /usr/local/lib/python3.9/site-packages/django/contrib/auth/migrations/0005_alter_user_last_login_null.py first seen with mtime 1735204640.229692
File /usr/local/lib/python3.9/site-packages/django/contrib/sessions/migrations/__init__.py first seen with mtime 1735204640.875692
File /usr/local/lib/python3.9/site-packages/django/db/models/sql/compiler.py first seen with mtime 1735204641.0666919
File /usr/local/lib/python3.9/site-packages/django/contrib/sessions/backends/db.py first seen with mtime 1735204640.7976918
File /usr/local/lib/python3.9/site-packages/django/contrib/sessions/migrations/0001_initial.py first seen with mtime 1735204640.875692
File /usr/local/lib/python3.9/site-packages/django/contrib/contenttypes/migrations/__init__.py first seen with mtime 1735204640.3306918
File /usr/local/lib/python3.9/encodings/idna.py first seen with mtime 1733344537.0
File /usr/local/lib/python3.9/site-packages/django/contrib/auth/migrations/0002_alter_permission_name_max_length.py first seen with mtime 1735204640.229692
File /usr/local/lib/python3.9/site-packages/django/contrib/auth/migrations/0001_initial.py first seen with mtime 1735204640.229692
File /usr/local/lib/python3.9/site-packages/django/contrib/auth/migrations/0008_alter_user_username_max_length.py first seen with mtime 1735204640.232692
File /usr/local/lib/python3.9/site-packages/django/contrib/contenttypes/migrations/0001_initial.py first seen with mtime 1735204640.328692
File /usr/local/lib/python3.9/stringprep.py first seen with mtime 1733344535.0
File /usr/local/lib/python3.9/site-packages/django/contrib/auth/migrations/0009_alter_user_last_name_max_length.py first seen with mtime 1735204640.232692
File /usr/local/lib/python3.9/site-packages/django/middleware/clickjacking.py first seen with mtime 1735204641.105692
File /app/consultation/migrations/__init__.py first seen with mtime 1735279274.388989
File /usr/local/lib/python3.9/site-packages/django/contrib/auth/migrations/0007_alter_validators_add_error_messages.py first seen with mtime 1735204640.230692
File /app/xinfang_project/settings.py previous mtime: 1735283159.5547001, current mtime: 1735284497.9128864
/app/xinfang_project/settings.py notified as changed. Signal results: [(<function template_changed at 0x7f26eab17a60>, None), (<function translation_file_changed at 0x7f26e972fca0>, None)].
/app/xinfang_project/settings.py changed, reloading.
